SF:lib/core/network/network_info.dart
DA:8,1
DA:12,1
DA:13,2
LF:3
LH:3
end_of_record
SF:lib/core/error/failure.dart
DA:4,2
DA:5,2
LF:2
LH:2
end_of_record
SF:lib/core/utils/input_converter.dart
DA:6,1
DA:8,1
DA:9,1
DA:10,1
DA:11,1
DA:12,2
LF:6
LH:6
end_of_record
SF:lib/features/number_trivia/data/models/number_trivia_model.dart
DA:4,6
DA:5,3
DA:10,3
DA:11,3
DA:12,6
DA:13,3
DA:17,2
DA:18,2
DA:19,2
DA:20,2
LF:10
LH:10
end_of_record
SF:lib/features/number_trivia/domain/entities/number_trivia.dart
DA:4,9
DA:12,4
DA:13,4
DA:14,4
DA:15,4
LF:5
LH:5
end_of_record
SF:lib/features/number_trivia/data/datasource/number_trivia_local_datasource.dart
DA:19,1
DA:25,1
DA:27,2
DA:28,2
DA:31,1
DA:33,2
DA:35,3
DA:37,1
LF:8
LH:8
end_of_record
SF:lib/features/number_trivia/data/datasource/number_trivia_remote_datasource.dart
DA:15,1
DA:19,1
DA:21,2
DA:23,1
DA:25,1
DA:27,1
DA:28,2
DA:29,3
DA:30,2
DA:31,3
DA:33,1
LF:11
LH:11
end_of_record
SF:lib/features/number_trivia/data/repositories/number_trivia_repository_impl.dart
DA:16,1
DA:27,1
DA:29,2
DA:30,3
DA:34,1
DA:35,2
DA:36,3
DA:39,1
DA:41,3
DA:43,2
DA:44,1
DA:45,1
DA:46,1
DA:47,1
DA:48,2
DA:53,3
DA:54,1
DA:55,1
DA:56,2
LF:19
LH:19
end_of_record
SF:lib/features/number_trivia/domain/usecases/get_conceret_number_trivia.dart
DA:10,1
DA:15,1
DA:16,4
DA:21,3
DA:25,1
DA:26,2
LF:6
LH:6
end_of_record
SF:lib/features/number_trivia/domain/usecases/get_random_number_trivia.dart
DA:10,1
DA:15,1
DA:16,3
DA:21,1
DA:22,1
LF:5
LH:5
end_of_record
SF:lib/features/number_trivia/presentation/bloc/number_trivia_event.dart
DA:4,2
DA:6,0
DA:7,0
DA:11,1
DA:15,0
DA:16,0
LF:6
LH:2
end_of_record
SF:lib/features/number_trivia/presentation/bloc/number_trivia_bloc.dart
DA:22,1
DA:26,2
DA:27,2
DA:28,1
DA:30,3
DA:31,1
DA:32,2
DA:33,1
DA:34,2
DA:36,4
DA:38,2
DA:39,3
DA:40,1
DA:41,2
DA:44,1
DA:45,2
DA:46,4
DA:48,2
DA:49,3
DA:50,1
DA:51,2
DA:63,1
DA:64,1
DA:65,1
DA:67,1
LF:25
LH:25
end_of_record
SF:lib/features/number_trivia/presentation/bloc/number_trivia_state.dart
DA:4,3
DA:6,1
DA:7,1
DA:15,2
DA:19,1
DA:20,2
DA:24,3
DA:28,1
DA:29,2
LF:9
LH:9
end_of_record
