SF:lib/core/network/network_info.dart
DA:8,2
DA:12,1
DA:13,2
LF:3
LH:3
end_of_record
SF:lib/core/error/failure.dart
DA:4,2
DA:5,2
LF:2
LH:2
end_of_record
SF:lib/core/utils/input_converter.dart
DA:6,1
DA:8,1
DA:9,1
DA:10,1
DA:11,1
DA:12,2
LF:6
LH:6
end_of_record
SF:lib/features/number_trivia/data/models/number_trivia_model.dart
DA:4,6
DA:5,3
DA:10,3
DA:11,3
DA:12,6
DA:13,3
DA:17,2
DA:18,2
DA:19,2
DA:20,2
LF:10
LH:10
end_of_record
SF:lib/features/number_trivia/domain/entities/number_trivia.dart
DA:4,10
DA:12,4
DA:13,4
DA:14,4
DA:15,4
LF:5
LH:5
end_of_record
SF:lib/features/number_trivia/data/datasource/number_trivia_local_datasource.dart
DA:19,2
DA:25,1
DA:27,2
DA:28,2
DA:31,1
DA:33,2
DA:35,3
DA:37,1
LF:8
LH:8
end_of_record
SF:lib/features/number_trivia/data/datasource/number_trivia_remote_datasource.dart
DA:15,2
DA:19,1
DA:21,2
DA:23,1
DA:25,1
DA:27,1
DA:28,2
DA:29,3
DA:30,2
DA:31,3
DA:33,1
LF:11
LH:11
end_of_record
SF:lib/features/number_trivia/data/repositories/number_trivia_repository_impl.dart
DA:16,2
DA:27,1
DA:29,2
DA:30,3
DA:34,1
DA:35,2
DA:36,3
DA:39,1
DA:41,3
DA:43,2
DA:44,1
DA:45,1
DA:46,1
DA:47,1
DA:48,2
DA:53,3
DA:54,1
DA:55,1
DA:56,2
LF:19
LH:19
end_of_record
SF:lib/features/number_trivia/domain/usecases/get_conceret_number_trivia.dart
DA:10,2
DA:15,1
DA:16,4
DA:21,3
DA:25,1
DA:26,2
LF:6
LH:6
end_of_record
SF:lib/features/number_trivia/domain/usecases/get_random_number_trivia.dart
DA:10,2
DA:15,1
DA:16,3
DA:21,1
DA:22,1
LF:5
LH:5
end_of_record
SF:lib/features/number_trivia/presentation/bloc/number_trivia_event.dart
DA:4,3
DA:6,0
DA:7,0
DA:11,2
DA:15,0
DA:16,0
LF:6
LH:2
end_of_record
SF:lib/features/number_trivia/presentation/bloc/number_trivia_state.dart
DA:4,15
DA:6,1
DA:7,1
DA:15,3
DA:19,1
DA:20,2
DA:24,13
DA:28,1
DA:29,2
LF:9
LH:9
end_of_record
SF:lib/features/number_trivia/presentation/bloc/number_trivia_bloc.dart
DA:26,0
DA:28,2
DA:32,4
DA:33,4
DA:34,4
DA:37,1
DA:40,3
DA:41,2
DA:42,2
DA:44,1
DA:47,1
DA:49,2
DA:50,4
DA:51,2
DA:54,1
DA:55,2
DA:56,1
DA:57,1
DA:59,4
DA:60,1
DA:65,1
DA:67,1
DA:68,3
DA:69,2
DA:73,1
DA:74,1
DA:75,1
DA:77,1
LF:28
LH:27
end_of_record
SF:lib/features/number_trivia/presentation/pages/number_trivia_page.dart
DA:9,1
DA:11,1
DA:12,1
DA:13,3
DA:18,1
DA:20,1
DA:21,1
DA:24,2
LF:8
LH:8
end_of_record
SF:lib/injection_container.dart
DA:16,3
DA:18,0
DA:21,0
DA:22,0
DA:23,0
DA:24,0
DA:25,0
DA:30,0
DA:31,0
DA:34,0
DA:35,0
DA:36,0
DA:37,0
DA:38,0
DA:43,0
DA:44,0
DA:45,0
DA:49,0
DA:50,0
DA:51,0
DA:56,0
DA:57,0
DA:60,0
DA:61,0
DA:62,0
DA:63,0
LF:26
LH:1
end_of_record
SF:lib/features/number_trivia/presentation/widgets/number_trivia_view.dart
DA:8,11
DA:10,0
DA:12,2
DA:14,2
DA:15,2
DA:17,2
DA:18,2
DA:23,2
DA:24,2
DA:25,2
DA:26,2
DA:27,2
DA:29,2
DA:30,1
DA:31,1
LF:15
LH:14
end_of_record
SF:lib/features/number_trivia/presentation/widgets/loading_widget.dart
DA:4,10
DA:6,0
DA:8,1
DA:10,1
DA:11,4
LF:5
LH:4
end_of_record
SF:lib/features/number_trivia/presentation/widgets/message_display.dart
DA:4,11
DA:7,1
DA:11,2
DA:13,2
DA:14,2
DA:15,8
DA:16,2
DA:17,2
DA:18,2
LF:9
LH:9
end_of_record
SF:lib/features/number_trivia/presentation/widgets/trivia_controls.dart
DA:7,11
DA:9,0
DA:11,3
DA:12,3
DA:19,1
DA:20,2
DA:21,3
DA:22,2
DA:26,1
DA:27,2
DA:28,3
DA:29,1
DA:33,3
DA:35,3
DA:36,3
DA:37,3
DA:38,3
DA:44,1
DA:45,1
DA:47,1
DA:48,1
DA:54,3
DA:55,3
DA:56,3
DA:57,3
DA:59,3
DA:60,3
DA:61,3
DA:62,9
DA:71,3
DA:72,3
DA:74,3
DA:75,3
DA:76,3
LF:34
LH:33
end_of_record
SF:lib/features/number_trivia/presentation/widgets/trivia_display.dart
DA:6,1
DA:9,1
DA:13,1
DA:15,1
DA:16,4
DA:17,1
DA:18,1
DA:19,1
DA:20,3
DA:26,1
DA:27,1
DA:28,1
DA:29,1
DA:30,2
LF:14
LH:14
end_of_record
